Jul 25, 2025 7:27:00 AM GMT INFO    [com.boomi.component.ComponentFactory loadFactory] Loading Component Factory from directory ****/component
Jul 25, 2025 7:27:00 AM GMT INFO    [com.boomi.component.ComponentFactory loadFactory] Loading Component Factory from directory ****/certificate
Jul 25, 2025 7:27:00 AM GMT INFO    [com.boomi.component.ComponentFactory loadFactory] Loading Component Factory from directory ****/processroute
Jul 25, 2025 7:27:00 AM GMT INFO    [com.boomi.component.ComponentFactory loadFactory] Loading Component Factory from directory ****/customlibrary
Jul 25, 2025 7:27:00 AM GMT FINE    [com.boomi.launchutil.LogUtil fine] Found classpath URL: ****/container-embedded-db.jar
Jul 25, 2025 7:27:00 AM GMT FINE    [com.boomi.launchutil.LogUtil fine] Found classpath URL: ****/container-documenthandler-zip.jar
Jul 25, 2025 7:27:00 AM GMT FINE    [com.boomi.launchutil.LogUtil fine] Found classpath URL: ****/container-documenthandler-xslttransform.jar
Jul 25, 2025 7:27:00 AM GMT FINE    [com.boomi.launchutil.LogUtil fine] Found classpath URL: ****/container-documenthandler-searchreplace.jar
Jul 25, 2025 7:27:00 AM GMT FINE    [com.boomi.launchutil.LogUtil fine] Found classpath URL: ****/container-documenthandler-scripting.jar
Jul 25, 2025 7:27:00 AM GMT FINE    [com.boomi.launchutil.LogUtil fine] Found classpath URL: ****/container-documenthandler-pgp.jar
Jul 25, 2025 7:27:00 AM GMT FINE    [com.boomi.launchutil.LogUtil fine] Found classpath URL: ****/container-documenthandler-mime.jar
Jul 25, 2025 7:27:00 AM GMT FINE    [com.boomi.launchutil.LogUtil fine] Found classpath URL: ****/container-documenthandler-encoding.jar
Jul 25, 2025 7:27:00 AM GMT FINE    [com.boomi.launchutil.LogUtil fine] Found classpath URL: ****/container-documenthandler-datasplit.jar
Jul 25, 2025 7:27:00 AM GMT FINE    [com.boomi.launchutil.LogUtil fine] Found classpath URL: ****/container-documenthandler-convertflatfile.jar
Jul 25, 2025 7:27:00 AM GMT FINE    [com.boomi.launchutil.LogUtil fine] Found classpath URL: ****/container-documenthandler-combine.jar
Jul 25, 2025 7:27:00 AM GMT FINE    [com.boomi.launchutil.LogUtil fine] Found classpath URL: ****/container-documentcache-impl.jar
Jul 25, 2025 7:27:00 AM GMT FINE    [com.boomi.launchutil.LogUtil fine] Found classpath URL: ****/container-documentcache-api.jar
Jul 25, 2025 7:27:00 AM GMT FINE    [com.boomi.launchutil.LogUtil fine] Found classpath URL: ****/container-document-impl.jar
Jul 25, 2025 7:27:00 AM GMT FINE    [com.boomi.launchutil.LogUtil fine] Found classpath URL: ****/container-document-api.jar
Jul 25, 2025 7:27:00 AM GMT FINE    [com.boomi.launchutil.LogUtil fine] Found classpath URL: ****/container-dataparser-xml.jar
Jul 25, 2025 7:27:00 AM GMT FINE    [com.boomi.launchutil.LogUtil fine] Found classpath URL: ****/container-dataparser-json.jar
Jul 25, 2025 7:27:00 AM GMT FINE    [com.boomi.launchutil.LogUtil fine] Found classpath URL: ****/container-dataparser-flatfile.jar
Jul 25, 2025 7:27:00 AM GMT FINE    [com.boomi.launchutil.LogUtil fine] Found classpath URL: ****/container-dataparser-edi.jar
Jul 25, 2025 7:27:00 AM GMT FINE    [com.boomi.launchutil.LogUtil fine] Found classpath URL: ****/container-dataparser-db.jar
Jul 25, 2025 7:27:00 AM GMT FINE    [com.boomi.launchutil.LogUtil fine] Found classpath URL: ****/container-dataparser-base.jar
Jul 25, 2025 7:27:00 AM GMT FINE    [com.boomi.launchutil.LogUtil fine] Found classpath URL: ****/container-dataparser-api.jar
Jul 25, 2025 7:27:00 AM GMT FINE    [com.boomi.launchutil.LogUtil fine] Found classpath URL: ****/container-crossref.jar
Jul 25, 2025 7:27:00 AM GMT FINE    [com.boomi.launchutil.LogUtil fine] Found classpath URL: ****/container-core.jar
Jul 25, 2025 7:27:00 AM GMT FINE    [com.boomi.launchutil.LogUtil fine] Found classpath URL: ****/container-connector.jar
Jul 25, 2025 7:27:00 AM GMT FINE    [com.boomi.launchutil.LogUtil fine] Found classpath URL: ****/container-connector-api.jar
Jul 25, 2025 7:27:00 AM GMT FINE    [com.boomi.launchutil.LogUtil fine] Found classpath URL: ****/container-config.jar
Jul 25, 2025 7:27:00 AM GMT FINE    [com.boomi.launchutil.LogUtil fine] Found classpath URL: ****/container-component.jar
Jul 25, 2025 7:27:00 AM GMT FINE    [com.boomi.launchutil.LogUtil fine] Found classpath URL: ****/container-cloudlet.jar
Jul 25, 2025 7:27:00 AM GMT FINE    [com.boomi.launcher.DirectoryClassLoader copyFile] Ignoring non-classpath URL ****/container-cloudlet-jgroups3.jar
Jul 25, 2025 7:27:00 AM GMT FINE    [com.boomi.launcher.DirectoryClassLoader copyFile] Ignoring non-classpath URL ****/container-cloudlet-jgroups3-6.jar
Jul 25, 2025 7:27:00 AM GMT FINE    [com.boomi.launchutil.LogUtil fine] Found classpath URL: ****/container-bounds.jar
Jul 25, 2025 7:27:00 AM GMT FINE    [com.boomi.launchutil.LogUtil fine] Found classpath URL: ****/container-bouncycastle-latest.jar
Jul 25, 2025 7:27:00 AM GMT FINE    [com.boomi.launcher.DirectoryClassLoader copyFile] Ignoring non-classpath URL ****/container-bouncycastle-1.45.jar
Jul 25, 2025 7:27:00 AM GMT FINE    [com.boomi.launchutil.LogUtil fine] Found classpath URL: ****/container-api.jar
Jul 25, 2025 7:27:00 AM GMT FINE    [com.boomi.launchutil.LogUtil fine] Found classpath URL: ****/container-api-management-api.jar
Jul 25, 2025 7:27:00 AM GMT FINE    [com.boomi.launchutil.LogUtil fine] Found classpath URL: ****/connector-sdk-model.jar
Jul 25, 2025 7:27:00 AM GMT FINE    [com.boomi.launchutil.LogUtil fine] Found classpath URL: ****/connector-sdk-internal-api.jar
Jul 25, 2025 7:27:00 AM GMT FINE    [com.boomi.launchutil.LogUtil fine] Found classpath URL: ****/connector-sdk-api.jar
Jul 25, 2025 7:27:00 AM GMT FINE    [com.boomi.launchutil.LogUtil fine] Found classpath URL: ****/commons-logging.jar
Jul 25, 2025 7:27:00 AM GMT FINE    [com.boomi.launchutil.LogUtil fine] Found classpath URL: ****/commons-lang3.jar
Jul 25, 2025 7:27:00 AM GMT FINE    [com.boomi.launchutil.LogUtil fine] Found classpath URL: ****/commons-lang.jar
Jul 25, 2025 7:27:00 AM GMT FINE    [com.boomi.launchutil.LogUtil fine] Found classpath URL: ****/commons-codec.jar
Jul 25, 2025 7:27:00 AM GMT FINE    [com.boomi.launchutil.LogUtil fine] Found classpath URL: ****/common-webservices-model.jar
Jul 25, 2025 7:27:00 AM GMT FINE    [com.boomi.launchutil.LogUtil fine] Found classpath URL: ****/common-util.jar
Jul 25, 2025 7:27:00 AM GMT FINE    [com.boomi.launchutil.LogUtil fine] Found classpath URL: ****/common-sdk.jar
Jul 25, 2025 7:27:00 AM GMT FINE    [com.boomi.launchutil.LogUtil fine] Found classpath URL: ****/common-pgp.jar
Jul 25, 2025 7:27:00 AM GMT FINE    [com.boomi.launchutil.LogUtil fine] Found classpath URL: ****/common-lite.jar
Jul 25, 2025 7:27:00 AM GMT FINE    [com.boomi.launchutil.LogUtil fine] Found classpath URL: ****/com.noelios.restlet.jar
Jul 25, 2025 7:27:00 AM GMT FINE    [com.boomi.launchutil.LogUtil fine] Found classpath URL: ****/com.noelios.restlet.ext.net.jar
Jul 25, 2025 7:27:00 AM GMT FINE    [com.boomi.launchutil.LogUtil fine] Found classpath URL: ****/checker-qual.jar
Jul 25, 2025 7:27:00 AM GMT FINE    [com.boomi.launchutil.LogUtil fine] Found classpath URL: ****/caffeine.jar
Jul 25, 2025 7:27:00 AM GMT FINE    [com.boomi.launchutil.LogUtil fine] Found classpath URL: ****/boomi-util.jar
Jul 25, 2025 7:27:00 AM GMT FINE    [com.boomi.launchutil.LogUtil fine] Found classpath URL: ****/boomi-synccache.jar
Jul 25, 2025 7:27:00 AM GMT FINE    [com.boomi.launchutil.LogUtil fine] Found classpath URL: ****/boomi-security.jar
Jul 25, 2025 7:27:00 AM GMT FINE    [com.boomi.launchutil.LogUtil fine] Found classpath URL: ****/boomi-restlet-util.jar
Jul 25, 2025 7:27:00 AM GMT FINE    [com.boomi.launchutil.LogUtil fine] Found classpath URL: ****/boomi-regex.jar
Jul 25, 2025 7:27:00 AM GMT FINE    [com.boomi.launchutil.LogUtil fine] Found classpath URL: ****/boomi-queue.jar
Jul 25, 2025 7:27:00 AM GMT FINE    [com.boomi.launchutil.LogUtil fine] Found classpath URL: ****/boomi-oauth.jar
Jul 25, 2025 7:27:00 AM GMT FINE    [com.boomi.launchutil.LogUtil fine] Found classpath URL: ****/boomi-mime.jar
Jul 25, 2025 7:27:00 AM GMT FINE    [com.boomi.launchutil.LogUtil fine] Found classpath URL: ****/boomi-logging.jar
Jul 25, 2025 7:27:00 AM GMT FINE    [com.boomi.launchutil.LogUtil fine] Found classpath URL: ****/boomi-log4j-api.jar
Jul 25, 2025 7:27:00 AM GMT FINE    [com.boomi.launchutil.LogUtil fine] Found classpath URL: ****/boomi-json-util.jar
Jul 25, 2025 7:27:00 AM GMT FINE    [com.boomi.launchutil.LogUtil fine] Found classpath URL: ****/boomi-jetty-util.jar
Jul 25, 2025 7:27:00 AM GMT FINE    [com.boomi.launchutil.LogUtil fine] Found classpath URL: ****/boomi-jaxb-wrapper.jar
Jul 25, 2025 7:27:00 AM GMT FINE    [com.boomi.launchutil.LogUtil fine] Found classpath URL: ****/boomi-changedata.jar
Jul 25, 2025 7:27:00 AM GMT FINE    [com.boomi.launcher.DirectoryClassLoader copyFile] Ignoring non-classpath URL ****/bcutil-jdk15to18.jar
Jul 25, 2025 7:27:00 AM GMT FINE    [com.boomi.launchutil.LogUtil fine] Found classpath URL: ****/bcprov-jdk16-1.45.jar
Jul 25, 2025 7:27:00 AM GMT FINE    [com.boomi.launcher.DirectoryClassLoader copyFile] Ignoring non-classpath URL ****/bcprov-jdk15to18.jar
Jul 25, 2025 7:27:00 AM GMT FINE    [com.boomi.launcher.DirectoryClassLoader copyFile] Ignoring non-classpath URL ****/bcpkix-jdk15to18.jar
Jul 25, 2025 7:27:00 AM GMT FINE    [com.boomi.launchutil.LogUtil fine] Found classpath URL: ****/bcpg-jdk16-1.45.jar
Jul 25, 2025 7:27:00 AM GMT FINE    [com.boomi.launcher.DirectoryClassLoader copyFile] Ignoring non-classpath URL ****/bcpg-jdk15to18.jar
Jul 25, 2025 7:27:00 AM GMT FINE    [com.boomi.launchutil.LogUtil fine] Found classpath URL: ****/bcmail-jdk16-1.45.boomi1.jar
Jul 25, 2025 7:27:00 AM GMT FINE    [com.boomi.launcher.DirectoryClassLoader copyFile] Ignoring non-classpath URL ****/bcmail-jdk15to18.jar
Jul 25, 2025 7:27:00 AM GMT FINE    [com.boomi.launchutil.LogUtil fine] Found classpath URL: ****/activation.jar
Jul 25, 2025 7:27:00 AM GMT FINE    [com.boomi.launchutil.LogUtil fine] Found classpath URL: ****/FastInfoset.jar
Jul 25, 2025 7:27:00 AM GMT FINE    [com.boomi.launcher.DirectoryClassLoader copyFile] Ignoring non-classpath URL ****/.nfsd0a864cff326150b000004cc
Jul 25, 2025 7:27:00 AM GMT INFO    [com.boomi.container.plugin.BasePluginManager updateLoadedServer] Starting Plugin service 'Extended Security Support' (EXTENDED_SECURITY)
Jul 25, 2025 7:27:00 AM GMT INFO    [com.boomi.util.LogUtil doLog] Starting Extended Security Service with Bouncy Castle version: 1.45
Jul 25, 2025 7:27:00 AM GMT FINE    [com.boomi.container.plugin.BasePluginService setStatus] Plugin EXTENDED_SECURITY moved from INITIALIZING to RUNNING
Jul 25, 2025 7:27:00 AM GMT FINE    [com.boomi.util.LogUtil doLog] Container does not appear to have Plugin service 'Shared HTTP Server' (SHARED_HTTP_SERVER) support
Jul 25, 2025 7:27:00 AM GMT INFO    [com.boomi.util.LogUtil doLog] Completed setting up services
Jul 25, 2025 7:27:00 AM GMT INFO    [com.boomi.container.config.ContainerConfig setStatus] Container status changed from INITIALIZING to RUNNING
Jul 25, 2025 7:27:00 AM GMT FINE    [com.boomi.execution.forker.ProcessExecutionRunner executeImpl] Executing task ExecutionTaskConfig psrisksand-U7OGUC.JN9UN6, proc: 186bc687-95b9-43f2-b64a-c86355ac8cf2, id: execution-d7da2acf-a5cf-4938-a62d-233c2f93a479-2025.07.25(dir: processes/186bc687-95b9-43f2-b64a-c86355ac8cf2, source: USER)
Jul 25, 2025 7:27:00 AM GMT INFO    [com.boomi.component.ComponentFactory loadFactory] Loading Component Factory from directory ****/186bc687-95b9-43f2-b64a-c86355ac8cf2
Jul 25, 2025 7:27:00 AM GMT FINE    [com.boomi.component.ComponentFactory findComponentIds] Found 1 component files in /mnt/boomi/Cloud_aksusprodtest01_atom_cloud/accounts/psrisksand-U7OGUC.JN9UN6/processes/186bc687-95b9-43f2-b64a-c86355ac8cf2
Jul 25, 2025 7:27:00 AM GMT FINE    [com.boomi.component.ComponentFactory addComponents] Adding [processes/186bc687-95b9-43f2-b64a-c86355ac8cf2] components [186bc687-95b9-43f2-b64a-c86355ac8cf2]
Jul 25, 2025 7:27:00 AM GMT FINE    [com.boomi.util.LogUtil doLog] Attempting to load component metadata for 186bc687-95b9-43f2-b64a-c86355ac8cf2
Jul 25, 2025 7:27:00 AM GMT FINE    [com.boomi.component.ComponentFactory getReadableComponentFile] Loading component from ****/186bc687-95b9-43f2-b64a-c86355ac8cf2.xml
Jul 25, 2025 7:27:00 AM GMT FINE    [com.boomi.component.ComponentFactory indexComponents] Adding component 186bc687-95b9-43f2-b64a-c86355ac8cf2, type process
Jul 25, 2025 7:27:00 AM GMT FINE    [com.boomi.execution.ExecutionManager submit] Setting the top level execution id to use atom classloader as its parent classloader for execution execution-d7da2acf-a5cf-4938-a62d-233c2f93a479-2025.07.25
Jul 25, 2025 7:27:00 AM GMT FINE    [com.boomi.util.LogUtil doLog] Attempting to create component entry for 186bc687-95b9-43f2-b64a-c86355ac8cf2
Jul 25, 2025 7:27:00 AM GMT FINE    [com.boomi.component.ComponentFactory getReadableComponentFile] Loading component from ****/186bc687-95b9-43f2-b64a-c86355ac8cf2.xml
Jul 25, 2025 7:27:00 AM GMT INFO    [com.boomi.util.LogUtil doLog] Detection and replacement of null class loader is enabled
Jul 25, 2025 7:27:00 AM GMT WARNING [javax.xml.bind.ContextFinder getDeprecatedSystemProperty] Using non-standard property: javax.xml.bind.context.factory. Property javax.xml.bind.JAXBContextFactory should be used instead.
Jul 25, 2025 7:27:01 AM GMT FINE    [com.boomi.util.LogUtil doLog] Attempting to unmarshall component object using context com.boomi.model.process
Jul 25, 2025 7:27:01 AM GMT WARNING [javax.xml.bind.ContextFinder getDeprecatedSystemProperty] Using non-standard property: javax.xml.bind.context.factory. Property javax.xml.bind.JAXBContextFactory should be used instead.
Jul 25, 2025 7:27:01 AM GMT FINE    [com.boomi.execution.ThreadedExecutionForker executeFuture] Executing process ExecutionTask[execution-d7da2acf-a5cf-4938-a62d-233c2f93a479-2025.07.25] 186bc687-95b9-43f2-b64a-c86355ac8cf2(processes/186bc687-95b9-43f2-b64a-c86355ac8cf2)
Jul 25, 2025 7:27:02 AM GMT WARNING [javax.xml.bind.ContextFinder getDeprecatedSystemProperty] Using non-standard property: javax.xml.bind.context.factory. Property javax.xml.bind.JAXBContextFactory should be used instead.
Jul 25, 2025 7:27:02 AM GMT WARNING [javax.xml.bind.ContextFinder getDeprecatedSystemProperty] Using non-standard property: javax.xml.bind.context.factory. Property javax.xml.bind.JAXBContextFactory should be used instead.
Jul 25, 2025 7:27:02 AM GMT FINE    [com.boomi.util.PermissionUtil dumpPermissions] Permissions for java.security.AccessControlContext@7d640aa4
ProtectionDomain  (null <no signer certificates>)
 null
 <no principals>
 java.security.Permissions@5a3a76a5 (
 (unresolved com.boomi.security.RemoteSocketPermission * connect,resolve)
 (unresolved com.boomi.security.RemoteSocketPermission * connect,resolve)
 (unresolved groovy.security.GroovyCodeSourcePermission /groovy/script null)
 (unresolved groovy.security.GroovyCodeSourcePermission /groovy/script null)
 ("java.io.FilePermission" "/mnt/boomi/Cloud_aksusprodtest01_atom_cloud/accounts/psrisksand-U7OGUC.JN9UN6/doccache/-" "read,write,delete")
 ("java.io.FilePermission" "/mnt/boomi/Cloud_aksusprodtest01_atom_cloud/accounts/psrisksand-U7OGUC.JN9UN6/counter/-" "read,write,delete")
 ("java.io.FilePermission" "/mnt/boomi/Cloud_aksusprodtest01_atom_cloud/accounts/psrisksand-U7OGUC.JN9UN6/cached_scripts/-" "read,write,delete")
 ("java.io.FilePermission" "/mnt/boomi/Cloud_aksusprodtest01_atom_cloud/accounts/psrisksand-U7OGUC.JN9UN6/message/-" "read,write")
 ("java.io.FilePermission" "/mnt/boomi/Cloud_aksusprodtest01_atom_cloud/accounts/psrisksand-U7OGUC.JN9UN6/tmp/-" "read,write,delete")
 ("java.io.FilePermission" "/mnt/boomi/Cloud_aksusprodtest01_atom_cloud/accounts/psrisksand-U7OGUC.JN9UN6/controlid/-" "read,write,delete")
 ("java.io.FilePermission" "/mnt/boomi/Cloud_aksusprodtest01_atom_cloud/accounts/psrisksand-U7OGUC.JN9UN6/-" "read")
 ("java.io.FilePermission" "/opt/boomi/local/accounts/psrisksand-U7OGUC.JN9UN6/-" "read,write,delete")
 ("java.io.FilePermission" "/mnt/boomi/Cloud_aksusprodtest01_atom_cloud/accounts/psrisksand-U7OGUC.JN9UN6/" "read")
 ("java.io.FilePermission" "/groovy/script" "read")
 ("java.io.FilePermission" "/mnt/boomi/Cloud_aksusprodtest01_atom_cloud/accounts/psrisksand-U7OGUC.JN9UN6/tmpdata/-" "read,write,delete")
 ("java.io.FilePermission" "/mnt/boomi/Cloud_aksusprodtest01_atom_cloud/accounts/psrisksand-U7OGUC.JN9UN6/work/-" "read,write,delete")
 ("java.io.FilePermission" "/mnt/boomi/Cloud_aksusprodtest01_atom_cloud/accounts/psrisksand-U7OGUC.JN9UN6/execution/-" "read,write,delete")
 ("java.io.FilePermission" "/mnt/boomi/Cloud_aksusprodtest01_atom_cloud/accounts/psrisksand-U7OGUC.JN9UN6/auth/-" "read,write,delete")
 ("java.io.FilePermission" "/mnt/boomi/Cloud_aksusprodtest01_atom_cloud/accounts/psrisksand-U7OGUC.JN9UN6/sequence/-" "read,write,delete")
 ("java.io.FilePermission" "/mnt/boomi/Cloud_aksusprodtest01_atom_cloud/accounts/psrisksand-U7OGUC.JN9UN6/data/-" "read,write,delete")
 ("java.lang.RuntimePermission" "accessClassInPackJul 25, 2025 7:27:02 AM GMT FINE    [com.boomi.util.PermissionUtil dumpPermissions] Permissions for java.security.AccessControlContext@7d640aa4
ProtectionDomain  (null <no signer certificates>)
 null
 <no principals>
 java.security.Permissions@5a3a76a5 (
 (unresolved com.boomi.security.RemoteSocketPermission * connect,resolve)
 (unresolved com.boomi.security.RemoteSocketPermission * connect,resolve)
 (unresolved groovy.security.GroovyCodeSourcePermission /groovy/script null)
 (unresolved groovy.security.GroovyCodeSourcePermission /groovy/script null)
 ("java.io.FilePermission" "/mnt/boomi/Cloud_aksusprodtest01_atom_cloud/accounts/psrisksand-U7OGUC.JN9UN6/doccache/-" "read,write,delete")
 ("java.io.FilePermission" "/mnt/boomi/Cloud_aksusprodtest01_atom_cloud/accounts/psrisksand-U7OGUC.JN9UN6/counter/-" "read,write,delete")
 ("java.io.FilePermission" "/mnt/boomi/Cloud_aksusprodtest01_atom_cloud/accounts/psrisksand-U7OGUC.JN9UN6/cached_scripts/-" "read,write,delete")
 ("java.io.FilePermission" "/mnt/boomi/Cloud_aksusprodtest01_atom_cloud/accounts/psrisksand-U7OGUC.JN9UN6/message/-" "read,write")
 ("java.io.FilePermission" "/mnt/boomi/Cloud_aksusprodtest01_atom_cloud/accounts/psrisksand-U7OGUC.JN9UN6/tmp/-" "read,write,delete")
 ("java.io.FilePermission" "/mnt/boomi/Cloud_aksusprodtest01_atom_cloud/accounts/psrisksand-U7OGUC.JN9UN6/controlid/-" "read,write,delete")
 ("java.io.FilePermission" "/mnt/boomi/Cloud_aksusprodtest01_atom_cloud/accounts/psrisksand-U7OGUC.JN9UN6/-" "read")
 ("java.io.FilePermission" "/opt/boomi/local/accounts/psrisksand-U7OGUC.JN9UN6/-" "read,write,delete")
 ("java.io.FilePermission" "/mnt/boomi/Cloud_aksusprodtest01_atom_cloud/accounts/psrisksand-U7OGUC.JN9UN6/" "read")
 ("java.io.FilePermission" "/groovy/script" "read")
 ("java.io.FilePermission" "/mnt/boomi/Cloud_aksusprodtest01_atom_cloud/accounts/psrisksand-U7OGUC.JN9UN6/tmpdata/-" "read,write,delete")
 ("java.io.FilePermission" "/mnt/boomi/Cloud_aksusprodtest01_atom_cloud/accounts/psrisksand-U7OGUC.JN9UN6/work/-" "read,write,delete")
 ("java.io.FilePermission" "/mnt/boomi/Cloud_aksusprodtest01_atom_cloud/accounts/psrisksand-U7OGUC.JN9UN6/execution/-" "read,write,delete")
 ("java.io.FilePermission" "/mnt/boomi/Cloud_aksusprodtest01_atom_cloud/accounts/psrisksand-U7OGUC.JN9UN6/auth/-" "read,write,delete")
 ("java.io.FilePermission" "/mnt/boomi/Cloud_aksusprodtest01_atom_cloud/accounts/psrisksand-U7OGUC.JN9UN6/sequence/-" "read,write,delete")
 ("java.io.FilePermission" "/mnt/boomi/Cloud_aksusprodtest01_atom_cloud/accounts/psrisksand-U7OGUC.JN9UN6/data/-" "read,write,delete")
 ("java.lang.RuntimePermission" "accessClassInPackage.com.apple.*")
 ("java.lang.RuntimePermission" "getenv.MICRONAUT_CONFIG_FILES")
 ("java.lang.RuntimePermission" "instantiateClassLoader")
 ("java.lang.RuntimePermission" "accessClassInPackage.com.sun.security.sasl.util")
 ("java.lang.RuntimePermission" "accessDeclaredMembers")
 ("java.lang.RuntimePermission" "setContextClassLoader")
 ("java.lang.RuntimePermission" "accessClassInPackage.sun.reflect")
 ("java.lang.RuntimePermission" "getenv.MICRONAUT_ENVIRONMENTS")
 ("java.lang.RuntimePermission" "accessClassInPackage.com.sun.security.sasl")
 ("java.lang.RuntimePermission" "accessClassInPackage.sun.security.krb5")
 ("java.lang.RuntimePermission" "accessClassInPackage.com.sun.beans.*")
 ("java.lang.RuntimePermission" "accessClassInPackage.sun.security.util")
 ("java.lang.RuntimePermission" "accessClassInPackage.com.sun.org.apache.*")
 ("java.lang.RuntimePermission" "accessClassInPackage.com.sun.java.swing.plaf.*")
 ("java.lang.RuntimePermission" "modifyThread")
 ("java.lang.RuntimePermission" "accessClassInPackage.com.sun.script.groovy")
 ("java.lang.RuntimePermission" "accessClassInPackage.com.sun.beans")
 ("java.lang.RuntimePermission" "accessClassInPackage.sun.util.calendar")
 ("java.util.PropertyPermission" "net.snowflake.client.jdbc.internal.apache.commons.logging.LogFactory" "write")
 ("java.util.PropertyPermission" "micronaut.classloader.logging" "write")
 ("java.util.PropertyPermission" "*" "read")
 ("javax.net.ssl.SSLPermission" "*")
 ("java.util.logging.LoggingPermission" "control")
 ("java.net.NetPermission" "getResponseCache")
 ("java.net.NetPermission" "getCookieHandler")
 ("java.net.NetPermission" "getProxySelector")
)

: java.security.Permissions@756666c (
 ("java.io.FilePermission" "/mnt/boomi/Cloud_aksusprodtest01_atom_cloud/accounts/psrisksand-U7OGUC.JN9UN6/doccache/-" "read,write,delete")
 ("java.io.FilePermission" "/mnt/boomi/Cloud_aksusprodtest01_atom_cloud/accounts/psrisksand-U7OGUC.JN9UN6/counter/-" "read,write,delete")
 ("java.io.FilePermission" "/mnt/boomi/Cloud_aksusprodtest01_atom_cloud/accounts/psrisksand-U7OGUC.JN9UN6/cached_scripts/-" "read,write,delete")
 ("java.io.FilePermission" "/mnt/boomi/Cloud_aksusprodtest01_atom_cloud/accounts/psrisksand-U7OGUC.JN9UN6/message/-" "read,write")
 ("java.io.FilePermission" "/mnt/boomi/Cloud_aksusprodtest01_atom_cloud/accounts/psrisksand-U7OGUC.JN9UN6/controlid/-" "read,write,delete")
 ("java.io.FilePermission" "/mnt/boomi/Cloud_aksusprodtest01_atom_cloud/accounts/psrisksand-U7OGUC.JN9UN6/tmp/-" "read,write,delete")
 ("java.io.FilePermission" "/mnt/boomi/Cloud_aksusprodtest01_atom_cloud/accounts/psrisksand-U7OGUC.JN9UN6/-" "read")
 ("java.io.FilePermission" "/mnt/boomi/Cloud_aksusprodtest01_atom_cloud/accounts/psrisksand-U7OGUC.JN9UN6/" "read")
 ("java.io.FilePermission" "/opt/boomi/local/accounts/psrisksand-U7OGUC.JN9UN6/-" "read,write,delete")
 ("java.io.FilePermission" "/groovy/script" "read")
 ("java.io.FilePermission" "/mnt/boomi/CloJul 25, 2025 7:27:02 AM GMT FINE    [com.boomi.store.persist.FilePersistence openStream] Attempting to open output stream, id: 2025.07.25_c96fbf9ff7521145, type: DATA
Jul 25, 2025 7:27:02 AM GMT FINE    [com.boomi.store.persist.FilePersistence openStream] Attempting to open output stream, id: 2025.07.25_c96fbf9ff7521145, type: META
Jul 25, 2025 7:27:02 AM GMT FINE    [com.boomi.store.persist.FilePersistence share] Sharing datastore 2025.07.25_c96fbf9ff7521145
Jul 25, 2025 7:27:02 AM GMT FINE    [com.boomi.store.persist.FilePersistence loadStream] Attempting to load stream, id: 2025.07.25_c96fbf9ff7521145, type: DATA
Jul 25, 2025 7:27:02 AM GMT FINE    [com.boomi.store.persist.FilePersistence loadStream] Attempting to load stream, id: 2025.07.25_c96fbf9ff7521145, type: META
Jul 25, 2025 7:27:02 AM GMT FINE    [com.boomi.process.shape.NotifyShape execute] The Notify title=
Jul 25, 2025 7:27:02 AM GMT FINE    [com.boomi.process.shape.NotifyShape execute] Notify Level = INFO
Jul 25, 2025 7:27:02 AM GMT FINE    [com.boomi.store.persist.FilePersistence openStream] Attempting to open output stream, id: 2025.07.25_d862d7153afc7220, type: DATA
Jul 25, 2025 7:27:02 AM GMT FINE    [com.boomi.store.persist.FilePersistence openStream] Attempting to open output stream, id: 2025.07.25_d862d7153afc7220, type: META
Jul 25, 2025 7:27:02 AM GMT FINE    [com.boomi.store.persist.FilePersistence loadStream] Attempting to load stream, id: 2025.07.25_d862d7153afc7220, type: DATA
Jul 25, 2025 7:27:02 AM GMT FINE    [com.boomi.store.persist.FilePersistence loadStream] Attempting to load stream, id: 2025.07.25_d862d7153afc7220, type: META
Jul 25, 2025 7:27:02 AM GMT FINE    [com.boomi.store.persist.FilePersistence delete] Attempting to delete store, id: 2025.07.25_d862d7153afc7220
Jul 25, 2025 7:27:03 AM GMT FINE    [com.boomi.process.ProcessExecution call] Finalizing process execution: ProcessGraph[execution-d7da2acf-a5cf-4938-a62d-233c2f93a479-2025.07.25]
Jul 25, 2025 7:27:03 AM GMT WARNING [javax.xml.bind.ContextFinder getDeprecatedSystemProperty] Using non-standard property: javax.xml.bind.context.factory. Property javax.xml.bind.JAXBContextFactory should be used instead.
Jul 25, 2025 7:27:03 AM GMT INFO    [com.boomi.execution.forker.ProcessExecutionRunner finishTask] Finished executing task ExecutionTaskConfig psrisksand-U7OGUC.JN9UN6, proc: 186bc687-95b9-43f2-b64a-c86355ac8cf2, id: execution-d7da2acf-a5cf-4938-a62d-233c2f93a479-2025.07.25(dir: processes/186bc687-95b9-43f2-b64a-c86355ac8cf2, source: USER)
Jul 25, 2025 7:27:03 AM GMT INFO    [com.boomi.container.config.ContainerConfig setStatus] Container status changed from RUNNING to STOPPING: Process is complete
Jul 25, 2025 7:27:03 AM GMT INFO    [com.boomi.container.config.ContainerConfig setStatus] Container status changed from STOPPING to STOPPED: Process is complete
l 25, 2025 7:27:02 AM GMT FINE    [com.boomi.store.persist.FilePersistence loadStream] Attempting to load stream, id: 2025.07.25_c96fbf9ff7521145, type: DATA
Jul 25, 2025 7:27:02 AM GMT FINE    [com.boomi.store.persist.FilePersistence loadStream] Attempting to load stream, id: 2025.07.25_c96fbf9ff7521145, type: META
Jul 25, 2025 7:27:02 AM GMT FINE    [com.boomi.process.shape.NotifyShape execute] The Notify title=
Jul 25, 2025 7:27:02 AM GMT FINE    [com.boomi.process.shape.NotifyShape execute] Notify Level = INFO
Jul 25, 2025 7:27:02 AM GMT FINE    [com.boomi.store.persist.FilePersistence openStream] Attempting to open output stream, id: 2025.07.25_d862d7153afc7220, type: DATA
Jul 25, 2025 7:27:02 AM GMT FINE    [com.boomi.store.persist.FilePersistence openStream] Attempting to open output stream, id: 2025.07.25_d862d7153afc7220, type: META
Jul 25, 2025 7:27:02 AM GMT FINE    [com.boomi.store.persist.FilePersistence loadStream] Attempting to load stream, id: 2025.07.25_d862d7153afc7220, type: DATA
Jul 25, 2025 7:27:02 AM GMT FINE    [com.boomi.store.persist.FilePersistence loadStream] Attempting to load stream, id: 2025.07.25_d862d7153afc7220, type: META
Jul 25, 2025 7:27:02 AM GMT FINE    [com.boomi.store.persist.FilePersistence delete] Attempting to delete store, id: 2025.07.25_d862d7153afc7220
Jul 25, 2025 7:27:03 AM GMT FINE    [com.boomi.process.ProcessExecution call] Finalizing process execution: ProcessGraph[execution-d7da2acf-a5cf-4938-a62d-233c2f93a479-2025.07.25]
Jul 25, 2025 7:27:03 AM GMT WARNING [javax.xml.bind.ContextFinder getDeprecatedSystemProperty] Using non-standard property: javax.xml.bind.context.factory. Property javax.xml.bind.JAXBContextFactory should be used instead.
Jul 25, 2025 7:27:03 AM GMT INFO    [com.boomi.execution.forker.ProcessExecutionRunner finishTask] Finished executing task ExecutionTaskConfig psrisksand-U7OGUC.JN9UN6, proc: 186bc687-95b9-43f2-b64a-c86355ac8cf2, id: execution-d7da2acf-a5cf-4938-a62d-233c2f93a479-2025.07.25(dir: processes/186bc687-95b9-43f2-b64a-c86355ac8cf2, source: USER)
Jul 25, 2025 7:27:03 AM GMT INFO    [com.boomi.container.config.ContainerConfig setStatus] Container status changed from RUNNING to STOPPING: Process is complete
Jul 25, 2025 7:27:03 AM GMT INFO    [com.boomi.container.config.ContainerConfig setStatus] Container status changed from STOPPING to STOPPED: Process is complete
